#
# There is insufficient memory for the Java Runtime Environment to continue.
# Native memory allocation (mmap) failed to map 33554432 bytes for G1 virtual space
# Possible reasons:
#   The system is out of physical RAM or swap space
#   The process is running with CompressedOops enabled, and the Java Heap may be blocking the growth of the native heap
# Possible solutions:
#   Reduce memory load on the system
#   Increase physical memory or swap space
#   Check if swap backing store is full
#   Decrease Java heap size (-Xmx/-Xms)
#   Decrease number of Java threads
#   Decrease Java thread stack sizes (-Xss)
#   Set larger code cache with -XX:ReservedCodeCacheSize=
#   JVM is running with Unscaled Compressed Oops mode in which the Java heap is
#     placed in the first 4GB address space. The Java Heap base address is the
#     maximum limit for the native heap growth. Please use -XX:HeapBaseMinAddress
#     to set the Java Heap base and to place the Java Heap above 4GB virtual address.
# This output file may be truncated or incomplete.
#
#  Out of Memory Error (os_windows.cpp:3532), pid=1864, tid=8388
#
# JRE version:  (17.0.2+8) (build )
# Java VM: Java HotSpot(TM) 64-Bit Server VM (17.0.2+8-LTS-86, mixed mode, sharing, tiered, compressed oops, compressed class ptrs, g1 gc, windows-amd64)
# No core dump will be written. Minidumps are not enabled by default on client versions of Windows
#

---------------  S U M M A R Y ------------

Command Line: -Dfile.encoding=UTF-8 --module-path=C:\Users\ACER\Documents\NetBeansProjects\TestAnn\build\classes testann.Main

Host: Intel(R) Celeron(R) CPU  N2840  @ 2.16GHz, 2 cores, 1G,  Windows 10 , 64 bit Build 18362 (10.0.18362.329)
Time: Thu Apr 21 18:31:25 2022 Hora de verano central (México) elapsed time: 0.063236 seconds (0d 0h 0m 0s)

---------------  T H R E A D  ---------------

Current thread (0x000002a0ab900330):  JavaThread "Unknown thread" [_thread_in_vm, id=8388, stack(0x000000d8ff600000,0x000000d8ff700000)]

Stack: [0x000000d8ff600000,0x000000d8ff700000]
Native frames: (J=compiled Java code, j=interpreted, Vv=VM code, C=native code)
V  [jvm.dll+0x670baa]
V  [jvm.dll+0x7cfcb4]
V  [jvm.dll+0x7d145e]
V  [jvm.dll+0x7d1ac3]
V  [jvm.dll+0x242bc5]
V  [jvm.dll+0x66dac9]
V  [jvm.dll+0x662412]
V  [jvm.dll+0x300c0b]
V  [jvm.dll+0x3081a6]
V  [jvm.dll+0x357d0e]
V  [jvm.dll+0x357f3f]
V  [jvm.dll+0x2d7ec8]
V  [jvm.dll+0x2d8e34]
V  [jvm.dll+0x7a18c1]
V  [jvm.dll+0x365a91]
V  [jvm.dll+0x780d2c]
V  [jvm.dll+0x3e845f]
V  [jvm.dll+0x3e9f01]
C  [jli.dll+0x527b]
C  [ucrtbase.dll+0x20e72]
C  [KERNEL32.DLL+0x17bd4]
C  [ntdll.dll+0x6ced1]


---------------  P R O C E S S  ---------------

Threads class SMR info:
_java_thread_list=0x00007ffebed99858, length=0, elements={
}

Java Threads: ( => current thread )

Other Threads:
  0x000002a0ab925620 GCTaskThread "GC Thread#0" [stack: 0x000000d8ff700000,0x000000d8ff800000] [id=9044]
  0x000002a0ab92a1e0 ConcurrentGCThread "G1 Main Marker" [stack: 0x000000d8ff800000,0x000000d8ff900000] [id=8996]
  0x000002a0ab92abf0 ConcurrentGCThread "G1 Conc#0" [stack: 0x000000d8ff900000,0x000000d8ffa00000] [id=1560]

[error occurred during error reporting (printing all threads), id 0xc0000005, EXCEPTION_ACCESS_VIOLATION (0xc0000005) at pc=0x00007ffebe5e88a7]

VM state: not at safepoint (not fully initialized)

VM Mutex/Monitor currently owned by a thread:  ([mutex/lock_event])
[0x000002a0ab8fba30] Heap_lock - owner thread: 0x000002a0ab900330

Heap address: 0x00000000e1c00000, size: 484 MB, Compressed Oops mode: 32-bit

CDS archive(s) mapped at: [0x0000000000000000-0x0000000000000000-0x0000000000000000), size 0, SharedBaseAddress: 0x0000000800000000, ArchiveRelocationMode: 0.
Narrow klass base: 0x0000000000000000, Narrow klass shift: 0, Narrow klass range: 0x0

GC Precious Log:
<Empty>

Heap:
 garbage-first heap   total 0K, used 0K [0x00000000e1c00000, 0x0000000100000000)
  region size 1024K, 0 young (0K), 0 survivors (0K)

[error occurred during error reporting (printing heap information), id 0xc0000005, EXCEPTION_ACCESS_VIOLATION (0xc0000005) at pc=0x00007ffebe9c9f19]

GC Heap History (0 events):
No events

Deoptimization events (0 events):
No events

Classes unloaded (0 events):
No events

Classes redefined (0 events):
No events

Internal exceptions (0 events):
No events

VM Operations (0 events):
No events

Events (1 events):
Event: 0.037 Loaded shared library C:\Program Files\Java\jdk-17.0.2\bin\java.dll


Dynamic libraries:
0x00007ff6e8570000 - 0x00007ff6e8580000 	C:\Program Files\Java\jdk-17.0.2\bin\java.exe
0x00007fff05980000 - 0x00007fff05b70000 	C:\Windows\SYSTEM32\ntdll.dll
0x00007fff03bd0000 - 0x00007fff03c82000 	C:\Windows\System32\KERNEL32.DLL
0x00007fff03290000 - 0x00007fff03533000 	C:\Windows\System32\KERNELBASE.dll
0x00007fff03690000 - 0x00007fff0378a000 	C:\Windows\System32\ucrtbase.dll
0x00007ffef9fd0000 - 0x00007ffef9fe8000 	C:\Program Files\Java\jdk-17.0.2\bin\jli.dll
0x00007fff05040000 - 0x00007fff050e3000 	C:\Windows\System32\ADVAPI32.dll
0x00007fff040e0000 - 0x00007fff0417e000 	C:\Windows\System32\msvcrt.dll
0x00007fff03d60000 - 0x00007fff03df7000 	C:\Windows\System32\sechost.dll
0x00007fff04180000 - 0x00007fff042a0000 	C:\Windows\System32\RPCRT4.dll
0x00007fff03a30000 - 0x00007fff03bc4000 	C:\Windows\System32\USER32.dll
0x00007fff03540000 - 0x00007fff03561000 	C:\Windows\System32\win32u.dll
0x00007fff05150000 - 0x00007fff05176000 	C:\Windows\System32\GDI32.dll
0x00007fff03870000 - 0x00007fff03a04000 	C:\Windows\System32\gdi32full.dll
0x00007fff03570000 - 0x00007fff0360e000 	C:\Windows\System32\msvcp_win.dll
0x00007ffef82f0000 - 0x00007ffef830a000 	C:\Program Files\Java\jdk-17.0.2\bin\VCRUNTIME140.dll
0x00007ffef5a40000 - 0x00007ffef5cc5000 	C:\Windows\WinSxS\amd64_microsoft.windows.common-controls_6595b64144ccf1df_6.0.18362.418_none_e6c6b287130d565d\COMCTL32.dll
0x00007fff04490000 - 0x00007fff047c6000 	C:\Windows\System32\combase.dll
0x00007fff03610000 - 0x00007fff03690000 	C:\Windows\System32\bcryptPrimitives.dll
0x00007ffef28e0000 - 0x00007ffef28ea000 	C:\Windows\SYSTEM32\VERSION.dll
0x00007fff03fe0000 - 0x00007fff0400e000 	C:\Windows\System32\IMM32.DLL
0x00007ffef8390000 - 0x00007ffef839c000 	C:\Program Files\Java\jdk-17.0.2\bin\vcruntime140_1.dll
0x00007ffeda6d0000 - 0x00007ffeda75d000 	C:\Program Files\Java\jdk-17.0.2\bin\msvcp140.dll
0x00007ffebe300000 - 0x00007ffebeec1000 	C:\Program Files\Java\jdk-17.0.2\bin\server\jvm.dll
0x00007fff04310000 - 0x00007fff04318000 	C:\Windows\System32\PSAPI.DLL
0x00007ffef6ad0000 - 0x00007ffef6ad9000 	C:\Windows\SYSTEM32\WSOCK32.dll
0x00007fff042a0000 - 0x00007fff0430f000 	C:\Windows\System32\WS2_32.dll
0x00007fff00b60000 - 0x00007fff00b84000 	C:\Windows\SYSTEM32\WINMM.dll
0x00007fff00b30000 - 0x00007fff00b5d000 	C:\Windows\SYSTEM32\WINMMBASE.dll
0x00007fff03790000 - 0x00007fff037da000 	C:\Windows\System32\cfgmgr32.dll
0x00007fff02880000 - 0x00007fff02891000 	C:\Windows\System32\kernel.appcore.dll
0x00007ffef6a50000 - 0x00007ffef6a5a000 	C:\Program Files\Java\jdk-17.0.2\bin\jimage.dll
0x00007ffef4470000 - 0x00007ffef4664000 	C:\Windows\SYSTEM32\DBGHELP.DLL
0x00007ffef4430000 - 0x00007ffef445a000 	C:\Windows\SYSTEM32\dbgcore.DLL
0x00007ffef6970000 - 0x00007ffef6995000 	C:\Program Files\Java\jdk-17.0.2\bin\java.dll

dbghelp: loaded successfully - version: 4.0.5 - missing functions: none
symbol engine: initialized successfully - sym options: 0x614 - pdb path: .;C:\Program Files\Java\jdk-17.0.2\bin;C:\Windows\SYSTEM32;C:\Windows\WinSxS\amd64_microsoft.windows.common-controls_6595b64144ccf1df_6.0.18362.418_none_e6c6b287130d565d;C:\Program Files\Java\jdk-17.0.2\bin\server

VM Arguments:
jvm_args: -Dfile.encoding=UTF-8 --module-path=C:\Users\ACER\Documents\NetBeansProjects\TestAnn\build\classes 
java_command: testann.Main
java_class_path (initial): C:\JLombok\lombok.jar;C:\Users\ACER\Documents\NetBeansProjects\TestAnn\build\classes
Launcher Type: SUN_STANDARD

[Global flags]
     intx CICompilerCount                          = 2                                         {product} {ergonomic}
     uint ConcGCThreads                            = 1                                         {product} {ergonomic}
     uint G1ConcRefinementThreads                  = 2                                         {product} {ergonomic}
   size_t G1HeapRegionSize                         = 1048576                                   {product} {ergonomic}
    uintx GCDrainStackTargetSize                   = 64                                        {product} {ergonomic}
   size_t InitialHeapSize                          = 33554432                                  {product} {ergonomic}
   size_t MarkStackSize                            = 4194304                                   {product} {ergonomic}
   size_t MaxHeapSize                              = 507510784                                 {product} {ergonomic}
   size_t MinHeapDeltaBytes                        = 1048576                                   {product} {ergonomic}
   size_t MinHeapSize                              = 8388608                                   {product} {ergonomic}
    uintx NonNMethodCodeHeapSize                   = 5826188                                {pd product} {ergonomic}
    uintx NonProfiledCodeHeapSize                  = 122916026                              {pd product} {ergonomic}
    uintx ProfiledCodeHeapSize                     = 122916026                              {pd product} {ergonomic}
    uintx ReservedCodeCacheSize                    = 251658240                              {pd product} {ergonomic}
     bool SegmentedCodeCache                       = true                                      {product} {ergonomic}
   size_t SoftMaxHeapSize                          = 507510784                              {manageable} {ergonomic}
     bool UseCompressedClassPointers               = true                           {product lp64_product} {ergonomic}
     bool UseCompressedOops                        = true                           {product lp64_product} {ergonomic}
     bool UseG1GC                                  = true                                      {product} {ergonomic}
     bool UseLargePagesIndividualAllocation        = false                                  {pd product} {ergonomic}

Logging:
Log output configuration:
 #0: stdout all=warning uptime,level,tags
 #1: stderr all=off uptime,level,tags

Environment Variables:
JAVA_HOME=C:\Program Files\Java\jdk-17.0.2
CLASSPATH=C:\Program Files\Java\jdk1.8.0_261
PATH=C:\Program Files\Common Files\Oracle\Java\javapath;C:\Program Files\Microsoft MPI\Bin\;C:\Program Files (x86)\Embarcadero\Studio\21.0\bin;C:\Users\Public\Documents\Embarcadero\Studio\21.0\Bpl;C:\Program Files (x86)\Embarcadero\Studio\21.0\bin64;C:\Users\Public\Documents\Embarcadero\Studio\21.0\Bpl\Win64;C:\Program Files (x86)\Common Files\Oracle\Java\javapath;C:\Program Files (x86)\Intel\TXE Components\TCS\;C:\Program Files\Intel\TXE Components\TCS\;C:\Windows\system32;C:\Windows;C:\Windows\System32\Wbem;C:\Windows\System32\WindowsPowerShell\v1.0\;C:\Windows\System32\OpenSSH\;C:\Program Files\Git\cmd;C:\Program Files\Git\mingw64\bin;C:\Program Files\Git\usr\bin;C:\ProgramData\chocolatey\bin;C:\Program Files\Microsoft SQL Server\130\Tools\Binn\;C:\Program Files\mingw-w64\x86_64-8.1.0-posix-seh-rt_v6-rev0\mingw64\bin;C:\msys64\mingw64\bin;C:\msys64\usr\bin;C:\Program Files\Sublime Text 3;C:\Program Files\nodejs\;C:\Program Files\gnuplot\bin;C:\Users\ACER\scoop\apps\oh-my-posh\current\bin;C:\Users\ACER\scoop\shims;C:\Users\ACER\AppData\Local\Programs\Python\Python38-32\Scripts\;C:\Users\ACER\AppData\Local\Programs\Python\Python38-32\;C:\Program Files\MySQL\MySQL Shell 8.0\bin\;C:\Users\ACER\AppData\Local\Microsoft\WindowsApps;C:\Program Files\JetBrains\IntelliJ IDEA Community Edition 2020.2.3\bin;C:\Program Files\MySQL\MySQL Server 8.0\bin;C:\Program Files\MySQL\MySQL Server 8.0\lib;C:\Users\ACER\AppData\Roaming\npm;C:\tools\neovim\Neovim\bin
USERNAME=ACER
OS=Windows_NT
PROCESSOR_IDENTIFIER=Intel64 Family 6 Model 55 Stepping 8, GenuineIntel



---------------  S Y S T E M  ---------------

OS:
 Windows 10 , 64 bit Build 18362 (10.0.18362.329)
OS uptime: 0 days 6:42 hours

CPU: total 2 (initial active 2) (2 cores per cpu, 1 threads per core) family 6 model 55 stepping 8 microcode 0x836, cx8, cmov, fxsr, mmx, 3dnowpref, sse, sse2, sse3, ssse3, sse4.1, sse4.2, popcnt, tsc, tscinvbit, erms, clmul, clflush

Memory: 4k page, system-wide physical 1929M (412M free)
TotalPageFile size 4203M (AvailPageFile size 16M)
current process WorkingSet (physical memory assigned to process): 9M, peak: 9M
current process commit charge ("private bytes"): 47M, peak: 79M

vm_info: Java HotSpot(TM) 64-Bit Server VM (17.0.2+8-LTS-86) for windows-amd64 JRE (17.0.2+8-LTS-86), built on Dec  7 2021 21:51:03 by "mach5one" with MS VC++ 16.8 / 16.9 (VS2019)

END.
