#
# There is insufficient memory for the Java Runtime Environment to continue.
# Native memory allocation (malloc) failed to allocate 32744 bytes for ChunkPool::allocate
# Possible reasons:
#   The system is out of physical RAM or swap space
#   The process is running with CompressedOops enabled, and the Java Heap may be blocking the growth of the native heap
# Possible solutions:
#   Reduce memory load on the system
#   Increase physical memory or swap space
#   Check if swap backing store is full
#   Decrease Java heap size (-Xmx/-Xms)
#   Decrease number of Java threads
#   Decrease Java thread stack sizes (-Xss)
#   Set larger code cache with -XX:ReservedCodeCacheSize=
#   JVM is running with Unscaled Compressed Oops mode in which the Java heap is
#     placed in the first 4GB address space. The Java Heap base address is the
#     maximum limit for the native heap growth. Please use -XX:HeapBaseMinAddress
#     to set the Java Heap base and to place the Java Heap above 4GB virtual address.
# This output file may be truncated or incomplete.
#
#  Out of Memory Error (arena.cpp:78), pid=1832, tid=10184
#
# JRE version: Java(TM) SE Runtime Environment (17.0.2+8) (build 17.0.2+8-LTS-86)
# Java VM: Java HotSpot(TM) 64-Bit Server VM (17.0.2+8-LTS-86, mixed mode, tiered, compressed oops, compressed class ptrs, g1 gc, windows-amd64)
# No core dump will be written. Minidumps are not enabled by default on client versions of Windows
#

---------------  S U M M A R Y ------------

Command Line: -Dfile.encoding=UTF-8 --module-path=C:\Users\ACER\Documents\NetBeansProjects\TestAnn\build\classes testann.Main

Host: Intel(R) Celeron(R) CPU  N2840  @ 2.16GHz, 2 cores, 1G,  Windows 10 , 64 bit Build 18362 (10.0.18362.329)
Time: Mon Apr 25 16:58:29 2022 Hora de verano central (México) elapsed time: 2.119917 seconds (0d 0h 0m 2s)

---------------  T H R E A D  ---------------

Current thread (0x0000025a70ec1fe0):  JavaThread "main" [_thread_in_vm, id=10184, stack(0x000000cea8e00000,0x000000cea8f00000)]

Stack: [0x000000cea8e00000,0x000000cea8f00000]
Native frames: (J=compiled Java code, j=interpreted, Vv=VM code, C=native code)
V  [jvm.dll+0x670baa]
V  [jvm.dll+0x7cfcb4]
V  [jvm.dll+0x7d145e]
V  [jvm.dll+0x7d1ac3]
V  [jvm.dll+0x242bc5]
V  [jvm.dll+0xaa7c0]
V  [jvm.dll+0xaab0c]
V  [jvm.dll+0x1efc3a]
V  [jvm.dll+0x1ee9d2]
V  [jvm.dll+0x74a15b]
V  [jvm.dll+0x74b502]
V  [jvm.dll+0x74b838]
V  [jvm.dll+0x23af1e]
V  [jvm.dll+0x37b2fe]
C  0x0000025a0001b40c

Java frames: (J=compiled Java code, j=interpreted, Vv=VM code)
j  java.lang.invoke.MethodHandles$Lookup.revealDirect(Ljava/lang/invoke/MethodHandle;)Ljava/lang/invoke/MethodHandleInfo;+184 java.base@17.0.2
j  java.lang.invoke.AbstractValidatingLambdaMetafactory.<init>(Ljava/lang/invoke/MethodHandles$Lookup;Ljava/lang/invoke/MethodType;Ljava/lang/String;Ljava/lang/invoke/MethodType;Ljava/lang/invoke/MethodHandle;Ljava/lang/invoke/MethodType;Z[Ljava/lang/Class;[Ljava/lang/invoke/MethodType;)V+94 java.base@17.0.2
j  java.lang.invoke.InnerClassLambdaMetafactory.<init>(Ljava/lang/invoke/MethodHandles$Lookup;Ljava/lang/invoke/MethodType;Ljava/lang/String;Ljava/lang/invoke/MethodType;Ljava/lang/invoke/MethodHandle;Ljava/lang/invoke/MethodType;Z[Ljava/lang/Class;[Ljava/lang/invoke/MethodType;)V+16 java.base@17.0.2
j  java.lang.invoke.LambdaMetafactory.metafactory(Ljava/lang/invoke/MethodHandles$Lookup;Ljava/lang/String;Ljava/lang/invoke/MethodType;Ljava/lang/invoke/MethodType;Ljava/lang/invoke/MethodHandle;Ljava/lang/invoke/MethodType;)Ljava/lang/invoke/CallSite;+55 java.base@17.0.2
j  java.lang.invoke.DirectMethodHandle$Holder.invokeStatic(Ljava/lang/Object;Ljava/lang/Object;Ljava/lang/Object;Ljava/lang/Object;Ljava/lang/Object;Ljava/lang/Object;Ljava/lang/Object;)Ljava/lang/Object;+20 java.base@17.0.2
j  java.lang.invoke.Invokers$Holder.invokeExact_MT(Ljava/lang/Object;Ljava/lang/Object;Ljava/lang/Object;Ljava/lang/Object;Ljava/lang/Object;Ljava/lang/Object;Ljava/lang/Object;Ljava/lang/Object;)Ljava/lang/Object;+28 java.base@17.0.2
j  java.lang.invoke.BootstrapMethodInvoker.invoke(Ljava/lang/Class;Ljava/lang/invoke/MethodHandle;Ljava/lang/String;Ljava/lang/Object;Ljava/lang/Object;Ljava/lang/Class;)Ljava/lang/Object;+319 java.base@17.0.2
j  java.lang.invoke.CallSite.makeSite(Ljava/lang/invoke/MethodHandle;Ljava/lang/String;Ljava/lang/invoke/MethodType;Ljava/lang/Object;Ljava/lang/Class;)Ljava/lang/invoke/CallSite;+8 java.base@17.0.2
j  java.lang.invoke.MethodHandleNatives.linkCallSiteImpl(Ljava/lang/Class;Ljava/lang/invoke/MethodHandle;Ljava/lang/String;Ljava/lang/invoke/MethodType;Ljava/lang/Object;[Ljava/lang/Object;)Ljava/lang/invoke/MemberName;+6 java.base@17.0.2
j  java.lang.invoke.MethodHandleNatives.linkCallSite(Ljava/lang/Object;ILjava/lang/Object;Ljava/lang/Object;Ljava/lang/Object;Ljava/lang/Object;[Ljava/lang/Object;)Ljava/lang/invoke/MemberName;+46 java.base@17.0.2
v  ~StubRoutines::call_stub
j  jdk.internal.module.DefaultRoots.compute(Ljava/lang/module/ModuleFinder;Ljava/lang/module/ModuleFinder;)Ljava/util/Set;+11 java.base@17.0.2
j  jdk.internal.module.ModuleBootstrap.boot2()Ljava/lang/ModuleLayer;+727 java.base@17.0.2
j  jdk.internal.module.ModuleBootstrap.boot()Ljava/lang/ModuleLayer;+64 java.base@17.0.2
j  java.lang.System.initPhase2(ZZ)I+0 java.base@17.0.2
v  ~StubRoutines::call_stub

---------------  P R O C E S S  ---------------

Threads class SMR info:
_java_thread_list=0x0000025a0f144570, length=10, elements={
0x0000025a70ec1fe0, 0x0000025a0f0eb740, 0x0000025a0f150040, 0x0000025a0f144990,
0x0000025a0f145250, 0x0000025a0f184390, 0x0000025a0f184c50, 0x0000025a0f188860,
0x0000025a0f18a170, 0x0000025a0f18b210
}

Java Threads: ( => current thread )
=>0x0000025a70ec1fe0 JavaThread "main" [_thread_in_vm, id=10184, stack(0x000000cea8e00000,0x000000cea8f00000)]
  0x0000025a0f0eb740 JavaThread "Reference Handler" daemon [_thread_blocked, id=7764, stack(0x000000cea9500000,0x000000cea9600000)]
  0x0000025a0f150040 JavaThread "Finalizer" daemon [_thread_blocked, id=9772, stack(0x000000cea9600000,0x000000cea9700000)]
  0x0000025a0f144990 JavaThread "Signal Dispatcher" daemon [_thread_blocked, id=2132, stack(0x000000cea9700000,0x000000cea9800000)]
  0x0000025a0f145250 JavaThread "Attach Listener" daemon [_thread_blocked, id=7664, stack(0x000000cea9800000,0x000000cea9900000)]
  0x0000025a0f184390 JavaThread "Service Thread" daemon [_thread_blocked, id=6344, stack(0x000000cea9900000,0x000000cea9a00000)]
  0x0000025a0f184c50 JavaThread "Monitor Deflation Thread" daemon [_thread_blocked, id=2704, stack(0x000000cea9a00000,0x000000cea9b00000)]
  0x0000025a0f188860 JavaThread "C2 CompilerThread0" daemon [_thread_blocked, id=9288, stack(0x000000cea9b00000,0x000000cea9c00000)]
  0x0000025a0f18a170 JavaThread "C1 CompilerThread0" daemon [_thread_blocked, id=1968, stack(0x000000cea9c00000,0x000000cea9d00000)]
  0x0000025a0f18b210 JavaThread "Sweeper thread" daemon [_thread_blocked, id=3652, stack(0x000000cea9d00000,0x000000cea9e00000)]

Other Threads:
  0x0000025a70f8e4b0 VMThread "VM Thread" [stack: 0x000000cea9400000,0x000000cea9500000] [id=8120]
  0x0000025a70ee7380 GCTaskThread "GC Thread#0" [stack: 0x000000cea8f00000,0x000000cea9000000] [id=7732]
  0x0000025a70eece60 ConcurrentGCThread "G1 Main Marker" [stack: 0x000000cea9000000,0x000000cea9100000] [id=10072]
  0x0000025a70eed780 ConcurrentGCThread "G1 Conc#0" [stack: 0x000000cea9100000,0x000000cea9200000] [id=8984]
  0x0000025a70f1d1d0 ConcurrentGCThread "G1 Refine#0" [stack: 0x000000cea9200000,0x000000cea9300000] [id=9000]
  0x0000025a70f1db00 ConcurrentGCThread "G1 Service" [stack: 0x000000cea9300000,0x000000cea9400000] [id=2848]

Threads with active compile tasks:

VM state: not at safepoint (normal execution)

VM Mutex/Monitor currently owned by a thread: None

Heap address: 0x00000000e1c00000, size: 484 MB, Compressed Oops mode: 32-bit

CDS archive(s) not mapped
Compressed class space mapped at: 0x0000000100000000-0x0000000140000000, reserved size: 1073741824
Narrow klass base: 0x0000000000000000, Narrow klass shift: 3, Narrow klass range: 0x140000000

GC Precious Log:
 CPUs: 2 total, 2 available
 Memory: 1929M
 Large Page Support: Disabled
 NUMA Support: Disabled
 Compressed Oops: Enabled (32-bit)
 Heap Region Size: 1M
 Heap Min Capacity: 8M
 Heap Initial Capacity: 32M
 Heap Max Capacity: 484M
 Pre-touch: Disabled
 Parallel Workers: 2
 Concurrent Workers: 1
 Concurrent Refinement Workers: 2
 Periodic GC: Disabled

Heap:
 garbage-first heap   total 32768K, used 0K [0x00000000e1c00000, 0x0000000100000000)
  region size 1024K, 1 young (1024K), 0 survivors (0K)
 Metaspace       used 4298K, committed 4416K, reserved 1056768K
  class space    used 330K, committed 384K, reserved 1048576K

Heap Regions: E=young(eden), S=young(survivor), O=old, HS=humongous(starts), HC=humongous(continues), CS=collection set, F=free, OA=open archive, CA=closed archive, TAMS=top-at-mark-start (previous, next)
|   0|0x00000000e1c00000, 0x00000000e1c00000, 0x00000000e1d00000|  0%| F|  |TAMS 0x00000000e1c00000, 0x00000000e1c00000| Untracked 
|   1|0x00000000e1d00000, 0x00000000e1d00000, 0x00000000e1e00000|  0%| F|  |TAMS 0x00000000e1d00000, 0x00000000e1d00000| Untracked 
|   2|0x00000000e1e00000, 0x00000000e1e00000, 0x00000000e1f00000|  0%| F|  |TAMS 0x00000000e1e00000, 0x00000000e1e00000| Untracked 
|   3|0x00000000e1f00000, 0x00000000e1f00000, 0x00000000e2000000|  0%| F|  |TAMS 0x00000000e1f00000, 0x00000000e1f00000| Untracked 
|   4|0x00000000e2000000, 0x00000000e2000000, 0x00000000e2100000|  0%| F|  |TAMS 0x00000000e2000000, 0x00000000e2000000| Untracked 
|   5|0x00000000e2100000, 0x00000000e2100000, 0x00000000e2200000|  0%| F|  |TAMS 0x00000000e2100000, 0x00000000e2100000| Untracked 
|   6|0x00000000e2200000, 0x00000000e2200000, 0x00000000e2300000|  0%| F|  |TAMS 0x00000000e2200000, 0x00000000e2200000| Untracked 
|   7|0x00000000e2300000, 0x00000000e2300000, 0x00000000e2400000|  0%| F|  |TAMS 0x00000000e2300000, 0x00000000e2300000| Untracked 
|   8|0x00000000e2400000, 0x00000000e2400000, 0x00000000e2500000|  0%| F|  |TAMS 0x00000000e2400000, 0x00000000e2400000| Untracked 
|   9|0x00000000e2500000, 0x00000000e2500000, 0x00000000e2600000|  0%| F|  |TAMS 0x00000000e2500000, 0x00000000e2500000| Untracked 
|  10|0x00000000e2600000, 0x00000000e2600000, 0x00000000e2700000|  0%| F|  |TAMS 0x00000000e2600000, 0x00000000e2600000| Untracked 
|  11|0x00000000e2700000, 0x00000000e2700000, 0x00000000e2800000|  0%| F|  |TAMS 0x00000000e2700000, 0x00000000e2700000| Untracked 
|  12|0x00000000e2800000, 0x00000000e2800000, 0x00000000e2900000|  0%| F|  |TAMS 0x00000000e2800000, 0x00000000e2800000| Untracked 
|  13|0x00000000e2900000, 0x00000000e2900000, 0x00000000e2a00000|  0%| F|  |TAMS 0x00000000e2900000, 0x00000000e2900000| Untracked 
|  14|0x00000000e2a00000, 0x00000000e2a00000, 0x00000000e2b00000|  0%| F|  |TAMS 0x00000000e2a00000, 0x00000000e2a00000| Untracked 
|  15|0x00000000e2b00000, 0x00000000e2b00000, 0x00000000e2c00000|  0%| F|  |TAMS 0x00000000e2b00000, 0x00000000e2b00000| Untracked 
|  16|0x00000000e2c00000, 0x00000000e2c00000, 0x00000000e2d00000|  0%| F|  |TAMS 0x00000000e2c00000, 0x00000000e2c00000| Untracked 
|  17|0x00000000e2d00000, 0x00000000e2d00000, 0x00000000e2e00000|  0%| F|  |TAMS 0x00000000e2d00000, 0x00000000e2d00000| Untracked 
|  18|0x00000000e2e00000, 0x00000000e2e00000, 0x00000000e2f00000|  0%| F|  |TAMS 0x00000000e2e00000, 0x00000000e2e00000| Untracked 
|  19|0x00000000e2f00000, 0x00000000e2f00000, 0x00000000e3000000|  0%| F|  |TAMS 0x00000000e2f00000, 0x00000000e2f00000| Untracked 
|  20|0x00000000e3000000, 0x00000000e3000000, 0x00000000e3100000|  0%| F|  |TAMS 0x00000000e3000000, 0x00000000e3000000| Untracked 
|  21|0x00000000e3100000, 0x00000000e3100000, 0x00000000e3200000|  0%| F|  |TAMS 0x00000000e3100000, 0x00000000e3100000| Untracked 
|  22|0x00000000e3200000, 0x00000000e3200000, 0x00000000e3300000|  0%| F|  |TAMS 0x00000000e3200000, 0x00000000e3200000| Untracked 
|  23|0x00000000e3300000, 0x00000000e3300000, 0x00000000e3400000|  0%| F|  |TAMS 0x00000000e3300000, 0x00000000e3300000| Untracked 
|  24|0x00000000e3400000, 0x00000000e3400000, 0x00000000e3500000|  0%| F|  |TAMS 0x00000000e3400000, 0x00000000e3400000| Untracked 
|  25|0x00000000e3500000, 0x00000000e3500000, 0x00000000e3600000|  0%| F|  |TAMS 0x00000000e3500000, 0x00000000e3500000| Untracked 
|  26|0x00000000e3600000, 0x00000000e3600000, 0x00000000e3700000|  0%| F|  |TAMS 0x00000000e3600000, 0x00000000e3600000| Untracked 
|  27|0x00000000e3700000, 0x00000000e3700000, 0x00000000e3800000|  0%| F|  |TAMS 0x00000000e3700000, 0x00000000e3700000| Untracked 
|  28|0x00000000e3800000, 0x00000000e3800000, 0x00000000e3900000|  0%| F|  |TAMS 0x00000000e3800000, 0x00000000e3800000| Untracked 
|  29|0x00000000e3900000, 0x00000000e3900000, 0x00000000e3a00000|  0%| F|  |TAMS 0x00000000e3900000, 0x00000000e3900000| Untracked 
|  30|0x00000000e3a00000, 0x00000000e3a00000, 0x00000000e3b00000|  0%| F|  |TAMS 0x00000000e3a00000, 0x00000000e3a00000| Untracked 
|  31|0x00000000e3b00000, 0x00000000e3bbe6e8, 0x00000000e3c00000| 74%| E|  |TAMS 0x00000000e3b00000, 0x00000000e3b00000| Complete 

Card table byte_map: [0x0000025a70b90000,0x0000025a70c90000] _byte_map_base: 0x0000025a70482000

Marking Bits (Prev, Next): (CMBitMap*) 0x0000025a70ee88b0, (CMBitMap*) 0x0000025a70ee88f0
 Prev Bits: [0x0000025a78710000, 0x0000025a78ea0000)
 Next Bits: [0x0000025a78ea0000, 0x0000025a79630000)

Polling page: 0x0000025a6edf0000

Metaspace:

Usage:
  Non-class:      3.88 MB used.
      Class:    330.79 KB used.
       Both:      4.20 MB used.

Virtual space:
  Non-class space:        8.00 MB reserved,       3.94 MB ( 49%) committed,  1 nodes.
      Class space:        1.00 GB reserved,     384.00 KB ( <1%) committed,  1 nodes.
             Both:        1.01 GB reserved,       4.31 MB ( <1%) committed. 

Chunk freelists:
   Non-Class:  0 bytes
       Class:  3.62 MB
        Both:  3.62 MB

MaxMetaspaceSize: unlimited
CompressedClassSpaceSize: 1.00 GB
Initial GC threshold: 21.00 MB
Current GC threshold: 21.00 MB
CDS: off
MetaspaceReclaimPolicy: balanced
 - commit_granule_bytes: 65536.
 - commit_granule_words: 8192.
 - virtual_space_node_default_size: 1048576.
 - enlarge_chunks_in_place: 1.
 - new_chunks_are_fully_committed: 0.
 - uncommit_free_chunks: 1.
 - use_allocation_guard: 0.
 - handle_deallocations: 1.


Internal statistics:

num_allocs_failed_limit: 0.
num_arena_births: 2.
num_arena_deaths: 0.
num_vsnodes_births: 2.
num_vsnodes_deaths: 0.
num_space_committed: 69.
num_space_uncommitted: 0.
num_chunks_returned_to_freelist: 0.
num_chunks_taken_from_freelist: 4.
num_chunk_merges: 0.
num_chunk_splits: 1.
num_chunks_enlarged: 0.
num_purges: 0.
num_inconsistent_stats: 0.

CodeHeap 'non-profiled nmethods': size=120064Kb used=8Kb max_used=8Kb free=120055Kb
 bounds [0x0000025a07ac0000, 0x0000025a07d30000, 0x0000025a0f000000]
CodeHeap 'profiled nmethods': size=120000Kb used=38Kb max_used=38Kb free=119962Kb
 bounds [0x0000025a00590000, 0x0000025a00800000, 0x0000025a07ac0000]
CodeHeap 'non-nmethods': size=5696Kb used=1052Kb max_used=1052Kb free=4643Kb
 bounds [0x0000025a00000000, 0x0000025a00270000, 0x0000025a00590000]
 total_blobs=347 nmethods=31 adapters=231
 compilation: enabled
              stopped_count=0, restarted_count=0
 full_count=0

Compilation events (20 events):
Event: 2.012 Thread 0x0000025a0f18a170 nmethod 9 0x0000025a00593b10 code [0x0000025a00593ce0, 0x0000025a00594148]
Event: 2.012 Thread 0x0000025a0f18a170   11       3       java.util.Set::of (4 bytes)
Event: 2.012 Thread 0x0000025a0f18a170 nmethod 11 0x0000025a00594210 code [0x0000025a005943a0, 0x0000025a00594498]
Event: 2.012 Thread 0x0000025a0f18a170   13       1       java.lang.module.ModuleDescriptor::name (5 bytes)
Event: 2.012 Thread 0x0000025a0f18a170 nmethod 13 0x0000025a07ac0010 code [0x0000025a07ac01a0, 0x0000025a07ac0278]
Event: 2.012 Thread 0x0000025a0f18a170   15       1       java.lang.module.ModuleReference::descriptor (5 bytes)
Event: 2.012 Thread 0x0000025a0f18a170 nmethod 15 0x0000025a07ac0310 code [0x0000025a07ac04a0, 0x0000025a07ac0578]
Event: 2.015 Thread 0x0000025a0f18a170   16       3       java.util.concurrent.ConcurrentHashMap::tabAt (22 bytes)
Event: 2.015 Thread 0x0000025a0f18a170 nmethod 16 0x0000025a00594510 code [0x0000025a005946c0, 0x0000025a00594998]
Event: 2.015 Thread 0x0000025a0f18a170   18       3       java.util.concurrent.ConcurrentHashMap::spread (10 bytes)
Event: 2.016 Thread 0x0000025a0f18a170 nmethod 18 0x0000025a00594a90 code [0x0000025a00594c20, 0x0000025a00594d18]
Event: 2.016 Thread 0x0000025a0f18a170   19       3       java.util.ImmutableCollections$SetN$SetNIterator::next (90 bytes)
Event: 2.017 Thread 0x0000025a0f18a170 nmethod 19 0x0000025a00594d90 code [0x0000025a00594f40, 0x0000025a00595248]
Event: 2.042 Thread 0x0000025a0f18a170   20       3       java.util.HashMap::hash (20 bytes)
Event: 2.043 Thread 0x0000025a0f18a170 nmethod 20 0x0000025a00595390 code [0x0000025a00595540, 0x0000025a00595748]
Event: 2.062 Thread 0x0000025a0f18a170   22       3       java.util.Objects::equals (23 bytes)
Event: 2.063 Thread 0x0000025a0f18a170 nmethod 22 0x0000025a00595810 code [0x0000025a005959c0, 0x0000025a00595c28]
Event: 2.069 Thread 0x0000025a0f18a170   23       1       java.lang.Enum::ordinal (5 bytes)
Event: 2.070 Thread 0x0000025a0f18a170 nmethod 23 0x0000025a07ac0d90 code [0x0000025a07ac0f20, 0x0000025a07ac0ff8]
Event: 2.095 Thread 0x0000025a0f18a170   29   !   3       java.util.concurrent.ConcurrentHashMap::putVal (432 bytes)

GC Heap History (0 events):
No events

Deoptimization events (0 events):
No events

Classes unloaded (0 events):
No events

Classes redefined (0 events):
No events

Internal exceptions (0 events):
No events

VM Operations (0 events):
No events

Events (20 events):
Event: 2.086 loading class java/lang/invoke/Invokers$Holder done
Event: 2.090 loading class java/lang/invoke/MethodHandleImpl$1
Event: 2.090 loading class jdk/internal/access/JavaLangInvokeAccess
Event: 2.090 loading class jdk/internal/access/JavaLangInvokeAccess done
Event: 2.090 loading class java/lang/invoke/MethodHandleImpl$1 done
Event: 2.091 loading class java/lang/invoke/InnerClassLambdaMetafactory
Event: 2.092 loading class java/lang/invoke/AbstractValidatingLambdaMetafactory
Event: 2.092 loading class java/lang/invoke/AbstractValidatingLambdaMetafactory done
Event: 2.092 loading class java/lang/invoke/InnerClassLambdaMetafactory done
Event: 2.093 loading class jdk/internal/org/objectweb/asm/Type
Event: 2.094 loading class jdk/internal/org/objectweb/asm/Type done
Event: 2.095 loading class sun/security/action/GetBooleanAction
Event: 2.095 loading class sun/security/action/GetBooleanAction done
Event: 2.096 loading class jdk/internal/org/objectweb/asm/Handle
Event: 2.096 loading class jdk/internal/org/objectweb/asm/Handle done
Event: 2.096 loading class sun/invoke/util/BytecodeDescriptor
Event: 2.097 loading class sun/invoke/util/BytecodeDescriptor done
Event: 2.097 loading class jdk/internal/org/objectweb/asm/ConstantDynamic
Event: 2.098 loading class jdk/internal/org/objectweb/asm/ConstantDynamic done
Event: 2.099 loading class java/lang/invoke/InfoFromMemberName


Dynamic libraries:
0x00007ff788cd0000 - 0x00007ff788ce0000 	C:\Program Files\Java\jdk-17.0.2\bin\java.exe
0x00007ffedce60000 - 0x00007ffedd050000 	C:\Windows\SYSTEM32\ntdll.dll
0x00007ffedc160000 - 0x00007ffedc212000 	C:\Windows\System32\KERNEL32.DLL
0x00007ffeda9e0000 - 0x00007ffedac83000 	C:\Windows\System32\KERNELBASE.dll
0x00007ffeda8e0000 - 0x00007ffeda9da000 	C:\Windows\System32\ucrtbase.dll
0x00007ffed3730000 - 0x00007ffed3748000 	C:\Program Files\Java\jdk-17.0.2\bin\jli.dll
0x00007ffedbc60000 - 0x00007ffedbd03000 	C:\Windows\System32\ADVAPI32.dll
0x00007ffedbb10000 - 0x00007ffedbbae000 	C:\Windows\System32\msvcrt.dll
0x00007ffedc690000 - 0x00007ffedc727000 	C:\Windows\System32\sechost.dll
0x00007ffedc220000 - 0x00007ffedc340000 	C:\Windows\System32\RPCRT4.dll
0x00007ffedb500000 - 0x00007ffedb694000 	C:\Windows\System32\USER32.dll
0x00007ffedade0000 - 0x00007ffedae01000 	C:\Windows\System32\win32u.dll
0x00007ffedb4d0000 - 0x00007ffedb4f6000 	C:\Windows\System32\GDI32.dll
0x00007ffed9df0000 - 0x00007ffed9f84000 	C:\Windows\System32\gdi32full.dll
0x00007ffeda790000 - 0x00007ffeda82e000 	C:\Windows\System32\msvcp_win.dll
0x00007ffeccf30000 - 0x00007ffecd1b5000 	C:\Windows\WinSxS\amd64_microsoft.windows.common-controls_6595b64144ccf1df_6.0.18362.418_none_e6c6b287130d565d\COMCTL32.dll
0x00007ffedb700000 - 0x00007ffedba36000 	C:\Windows\System32\combase.dll
0x00007ffeda710000 - 0x00007ffeda790000 	C:\Windows\System32\bcryptPrimitives.dll
0x00007ffeca470000 - 0x00007ffeca47a000 	C:\Windows\SYSTEM32\VERSION.dll
0x00007ffebed40000 - 0x00007ffebed5a000 	C:\Program Files\Java\jdk-17.0.2\bin\VCRUNTIME140.dll
0x00007ffedc490000 - 0x00007ffedc4be000 	C:\Windows\System32\IMM32.DLL
0x00007ffebe840000 - 0x00007ffebe84c000 	C:\Program Files\Java\jdk-17.0.2\bin\vcruntime140_1.dll
0x00007ffeb1860000 - 0x00007ffeb18ed000 	C:\Program Files\Java\jdk-17.0.2\bin\msvcp140.dll
0x00007ffe93190000 - 0x00007ffe93d51000 	C:\Program Files\Java\jdk-17.0.2\bin\server\jvm.dll
0x00007ffedc340000 - 0x00007ffedc348000 	C:\Windows\System32\PSAPI.DLL
0x00007ffecdad0000 - 0x00007ffecdad9000 	C:\Windows\SYSTEM32\WSOCK32.dll
0x00007ffedbe30000 - 0x00007ffedbe9f000 	C:\Windows\System32\WS2_32.dll
0x00007ffed7db0000 - 0x00007ffed7dd4000 	C:\Windows\SYSTEM32\WINMM.dll
0x00007ffed7d80000 - 0x00007ffed7dad000 	C:\Windows\SYSTEM32\WINMMBASE.dll
0x00007ffedae70000 - 0x00007ffedaeba000 	C:\Windows\System32\cfgmgr32.dll
0x00007ffed9dd0000 - 0x00007ffed9de1000 	C:\Windows\System32\kernel.appcore.dll
0x00007ffebe830000 - 0x00007ffebe83a000 	C:\Program Files\Java\jdk-17.0.2\bin\jimage.dll
0x00007ffecb480000 - 0x00007ffecb674000 	C:\Windows\SYSTEM32\DBGHELP.DLL
0x00007ffecb450000 - 0x00007ffecb47a000 	C:\Windows\SYSTEM32\dbgcore.DLL
0x00007ffeb28d0000 - 0x00007ffeb28f5000 	C:\Program Files\Java\jdk-17.0.2\bin\java.dll
0x00007ffe9d230000 - 0x00007ffe9d306000 	C:\Program Files\Java\jdk-17.0.2\bin\jsvml.dll
0x00007ffedc730000 - 0x00007ffedce15000 	C:\Windows\System32\SHELL32.dll
0x00007ffedbbb0000 - 0x00007ffedbc59000 	C:\Windows\System32\shcore.dll
0x00007ffed9f90000 - 0x00007ffeda70f000 	C:\Windows\System32\windows.storage.dll
0x00007ffed9d90000 - 0x00007ffed9daf000 	C:\Windows\System32\profapi.dll
0x00007ffed9d40000 - 0x00007ffed9d8a000 	C:\Windows\System32\powrprof.dll
0x00007ffed9d30000 - 0x00007ffed9d40000 	C:\Windows\System32\UMPDC.dll
0x00007ffedbd20000 - 0x00007ffedbd72000 	C:\Windows\System32\shlwapi.dll
0x00007ffedaec0000 - 0x00007ffedaed7000 	C:\Windows\System32\cryptsp.dll

dbghelp: loaded successfully - version: 4.0.5 - missing functions: none
symbol engine: initialized successfully - sym options: 0x614 - pdb path: .;C:\Program Files\Java\jdk-17.0.2\bin;C:\Windows\SYSTEM32;C:\Windows\WinSxS\amd64_microsoft.windows.common-controls_6595b64144ccf1df_6.0.18362.418_none_e6c6b287130d565d;C:\Program Files\Java\jdk-17.0.2\bin\server

VM Arguments:
jvm_args: -Dfile.encoding=UTF-8 --module-path=C:\Users\ACER\Documents\NetBeansProjects\TestAnn\build\classes 
java_command: testann.Main
java_class_path (initial): C:\JLombok\lombok.jar;C:\Users\ACER\Documents\NetBeansProjects\TestAnn\build\classes
Launcher Type: SUN_STANDARD

[Global flags]
     intx CICompilerCount                          = 2                                         {product} {ergonomic}
     uint ConcGCThreads                            = 1                                         {product} {ergonomic}
     uint G1ConcRefinementThreads                  = 2                                         {product} {ergonomic}
   size_t G1HeapRegionSize                         = 1048576                                   {product} {ergonomic}
    uintx GCDrainStackTargetSize                   = 64                                        {product} {ergonomic}
   size_t InitialHeapSize                          = 33554432                                  {product} {ergonomic}
   size_t MarkStackSize                            = 4194304                                   {product} {ergonomic}
   size_t MaxHeapSize                              = 507510784                                 {product} {ergonomic}
   size_t MaxNewSize                               = 304087040                                 {product} {ergonomic}
   size_t MinHeapDeltaBytes                        = 1048576                                   {product} {ergonomic}
   size_t MinHeapSize                              = 8388608                                   {product} {ergonomic}
    uintx NonNMethodCodeHeapSize                   = 5826188                                {pd product} {ergonomic}
    uintx NonProfiledCodeHeapSize                  = 122916026                              {pd product} {ergonomic}
    uintx ProfiledCodeHeapSize                     = 122916026                              {pd product} {ergonomic}
    uintx ReservedCodeCacheSize                    = 251658240                              {pd product} {ergonomic}
     bool SegmentedCodeCache                       = true                                      {product} {ergonomic}
   size_t SoftMaxHeapSize                          = 507510784                              {manageable} {ergonomic}
     bool UseCompressedClassPointers               = true                           {product lp64_product} {ergonomic}
     bool UseCompressedOops                        = true                           {product lp64_product} {ergonomic}
     bool UseG1GC                                  = true                                      {product} {ergonomic}
     bool UseLargePagesIndividualAllocation        = false                                  {pd product} {ergonomic}

Logging:
Log output configuration:
 #0: stdout all=warning uptime,level,tags
 #1: stderr all=off uptime,level,tags

Environment Variables:
JAVA_HOME=C:\Program Files\Java\jdk-17.0.2
CLASSPATH=C:\Program Files\Java\jdk1.8.0_261
PATH=C:\Program Files\Common Files\Oracle\Java\javapath;C:\Program Files\Microsoft MPI\Bin\;C:\Program Files (x86)\Embarcadero\Studio\21.0\bin;C:\Users\Public\Documents\Embarcadero\Studio\21.0\Bpl;C:\Program Files (x86)\Embarcadero\Studio\21.0\bin64;C:\Users\Public\Documents\Embarcadero\Studio\21.0\Bpl\Win64;C:\Program Files (x86)\Common Files\Oracle\Java\javapath;C:\Program Files (x86)\Intel\TXE Components\TCS\;C:\Program Files\Intel\TXE Components\TCS\;C:\Windows\system32;C:\Windows;C:\Windows\System32\Wbem;C:\Windows\System32\WindowsPowerShell\v1.0\;C:\Windows\System32\OpenSSH\;C:\Program Files\Git\cmd;C:\Program Files\Git\mingw64\bin;C:\Program Files\Git\usr\bin;C:\ProgramData\chocolatey\bin;C:\Program Files\Microsoft SQL Server\130\Tools\Binn\;C:\Program Files\mingw-w64\x86_64-8.1.0-posix-seh-rt_v6-rev0\mingw64\bin;C:\msys64\mingw64\bin;C:\msys64\usr\bin;C:\Program Files\Sublime Text 3;C:\Program Files\nodejs\;C:\Program Files\gnuplot\bin;C:\Users\ACER\scoop\apps\oh-my-posh\current\bin;C:\Users\ACER\scoop\shims;C:\Users\ACER\AppData\Local\Programs\Python\Python38-32\Scripts\;C:\Users\ACER\AppData\Local\Programs\Python\Python38-32\;C:\Program Files\MySQL\MySQL Shell 8.0\bin\;C:\Users\ACER\AppData\Local\Microsoft\WindowsApps;C:\Program Files\JetBrains\IntelliJ IDEA Community Edition 2020.2.3\bin;C:\Program Files\MySQL\MySQL Server 8.0\bin;C:\Program Files\MySQL\MySQL Server 8.0\lib;C:\Users\ACER\AppData\Roaming\npm;C:\tools\neovim\Neovim\bin
USERNAME=ACER
OS=Windows_NT
PROCESSOR_IDENTIFIER=Intel64 Family 6 Model 55 Stepping 8, GenuineIntel



---------------  S Y S T E M  ---------------

OS:
 Windows 10 , 64 bit Build 18362 (10.0.18362.329)
OS uptime: 0 days 7:04 hours

CPU: total 2 (initial active 2) (2 cores per cpu, 1 threads per core) family 6 model 55 stepping 8 microcode 0x836, cx8, cmov, fxsr, mmx, 3dnowpref, sse, sse2, sse3, ssse3, sse4.1, sse4.2, popcnt, tsc, tscinvbit, erms, clmul, clflush

Memory: 4k page, system-wide physical 1929M (386M free)
TotalPageFile size 4203M (AvailPageFile size 2M)
current process WorkingSet (physical memory assigned to process): 24M, peak: 24M
current process commit charge ("private bytes"): 89M, peak: 92M

vm_info: Java HotSpot(TM) 64-Bit Server VM (17.0.2+8-LTS-86) for windows-amd64 JRE (17.0.2+8-LTS-86), built on Dec  7 2021 21:51:03 by "mach5one" with MS VC++ 16.8 / 16.9 (VS2019)

END.
